app/build/outputs/logs/manifest-merger-debug-report.txt
-- Merging decision tree log ---
manifest
ADDED from src\main\AndroidManifest.xml:2:1-36:12
	package
		ADDED from src\main\AndroidManifest.xml:3:5-41
		INJECTED from src\main\AndroidManifest.xml
		INJECTED from src\main\AndroidManifest.xml
	android:versionName
		ADDED from src\main\AndroidManifest.xml:5:5-30
		INJECTED from src\main\AndroidManifest.xml
		INJECTED from src\main\AndroidManifest.xml
	android:versionCode
		ADDED from src\main\AndroidManifest.xml:4:5-28
		INJECTED from src\main\AndroidManifest.xml
		INJECTED from src\main\AndroidManifest.xml
	xmlns:android
		ADDED from src\main\AndroidManifest.xml:2:11-69
uses-sdk
ADDED from src\main\AndroidManifest.xml:7:5-9:41
	android:targetSdkVersion
		ADDED from src\main\AndroidManifest.xml:9:9-38
		INJECTED from src\main\AndroidManifest.xml
		INJECTED from src\main\AndroidManifest.xml
	android:minSdkVersion
		ADDED from src\main\AndroidManifest.xml:8:9-34
		INJECTED from src\main\AndroidManifest.xml
		INJECTED from src\main\AndroidManifest.xml
uses-permission#android.permission.INTERNET
ADDED from src\main\AndroidManifest.xml:10:5-67
	android:name
		ADDED from src\main\AndroidManifest.xml:10:22-64
uses-permission#android.permission.READ_CALENDAR
ADDED from src\main\AndroidManifest.xml:11:3-70
	android:name
		ADDED from src\main\AndroidManifest.xml:11:20-67
uses-permission#android.permission.WRITE_CALENDAR
ADDED from src\main\AndroidManifest.xml:12:3-71
	android:name
		ADDED from src\main\AndroidManifest.xml:12:20-68
application
ADDED from src\main\AndroidManifest.xml:13:5-32:19
	android:label
		ADDED from src\main\AndroidManifest.xml:16:9-41
	android:allowBackup
		ADDED from src\main\AndroidManifest.xml:14:9-35
	android:icon
		ADDED from src\main\AndroidManifest.xml:15:9-45
	android:theme
		ADDED from src\main\AndroidManifest.xml:17:9-40
activity#com.example.loancalculator.Newentry
ADDED from src\main\AndroidManifest.xml:18:9-27:20
	android:screenOrientation
		ADDED from src\main\AndroidManifest.xml:21:13-49
	android:label
		ADDED from src\main\AndroidManifest.xml:20:13-45
	android:name
		ADDED from src\main\AndroidManifest.xml:19:13-63
intent-filter#android.intent.action.MAIN+android.intent.category.LAUNCHER
ADDED from src\main\AndroidManifest.xml:22:13-26:29
action#android.intent.action.MAIN
ADDED from src\main\AndroidManifest.xml:23:17-69
	android:name
		ADDED from src\main\AndroidManifest.xml:23:25-66
category#android.intent.category.LAUNCHER
ADDED from src\main\AndroidManifest.xml:25:17-77
	android:name
		ADDED from src\main\AndroidManifest.xml:25:27-74
activity#com.example.loancalculator.MainActivity
ADDED from src\main\AndroidManifest.xml:28:9-82
	android:label
		ADDED from src\main\AndroidManifest.xml:28:48-80
	android:name
		ADDED from src\main\AndroidManifest.xml:28:19-47
activity#com.example.loancalculator.FetchData
ADDED from src\main\AndroidManifest.xml:29:9-79
	android:label
		ADDED from src\main\AndroidManifest.xml:29:45-77
	android:name
		ADDED from src\main\AndroidManifest.xml:29:19-44
activity#com.example.loancalculator.Update
ADDED from src\main\AndroidManifest.xml:30:9-76
	android:label
		ADDED from src\main\AndroidManifest.xml:30:42-74
	android:name
		ADDED from src\main\AndroidManifest.xml:30:19-41
activity#com.example.loancalculator.ListDisplay
ADDED from src\main\AndroidManifest.xml:31:10-82
	android:label
		ADDED from src\main\AndroidManifest.xml:31:48-80
	android:name
		ADDED from src\main\AndroidManifest.xml:31:20-47